
**** Clean-only build of configuration Release for project int_sw ****

"C:\\TI\\ccsv8\\utils\\bin\\gmake" -k clean 
 
DEL /F  "int_sw.bin"  "int_sw.out" 
DEL /F "main.obj" "pin_mux_config.obj" "startup_ccs.obj" "uart_if.obj" 
DEL /F "main.d" "pin_mux_config.d" "startup_ccs.d" "uart_if.d" 
\\MAC\Home\Documents\GitHub\A01_KevinRen_TeresaLi_WQ2019\Lab3\int_sw\Release
CMD.EXE was started with the above path as the current directory.
UNC paths are not supported.  Defaulting to Windows directory.
Could Not Find C:\Windows\int_sw.bin
\\MAC\Home\Documents\GitHub\A01_KevinRen_TeresaLi_WQ2019\Lab3\int_sw\Release
CMD.EXE was started with the above path as the current directory.
UNC paths are not supported.  Defaulting to Windows directory.
Could Not Find C:\Windows\main.obj
\\MAC\Home\Documents\GitHub\A01_KevinRen_TeresaLi_WQ2019\Lab3\int_sw\Release
CMD.EXE was started with the above path as the current directory.
UNC paths are not supported.  Defaulting to Windows directory.
Could Not Find C:\Windows\main.d
\\MAC\Home\Documents\GitHub\A01_KevinRen_TeresaLi_WQ2019\Lab3\int_sw\Release
CMD.EXE was started with the above path as the current directory.
UNC paths are not supported.  Defaulting to Windows directory.
Finished clean
 
\\MAC\Home\Documents\GitHub\A01_KevinRen_TeresaLi_WQ2019\Lab3\int_sw\Release
CMD.EXE was started with the above path as the current directory.
UNC paths are not supported.  Defaulting to Windows directory.

**** Build Finished ****

**** Build of configuration Release for project int_sw ****

"C:\\TI\\ccsv8\\utils\\bin\\gmake" -k all 
 
Building file: "../main.c"
Invoking: ARM Compiler
"C:/TI/ccsv8/tools/compiler/ti-cgt-arm_18.1.4.LTS/bin/armcl" -mv7M4 --code_state=16 --float_support=fpalib -me -Ooff --include_path="C:/TI/ccsv8/tools/compiler/ti-cgt-arm_18.1.4.LTS/include" --include_path="C:/ti/CC3200SDK_1.3.0/cc3200-sdk/example/common" --include_path="C:/ti/CC3200SDK_1.3.0/cc3200-sdk/driverlib" --include_path="C:/ti/CC3200SDK_1.3.0/cc3200-sdk/inc" --define=ccs --define=NON_NETWORK --define=cc3200 -g --gcc --diag_warning=225 --diag_wrap=off --display_error_number --abi=eabi --preproc_with_compile --preproc_dependency="main.d_raw"  "../main.c"
subdir_rules.mk:9: recipe for target 'main.obj' failed
\\MAC\Home\Documents\GitHub\A01_KevinRen_TeresaLi_WQ2019\Lab3\int_sw\Release
CMD.EXE was started with the above path as the current directory.
UNC paths are not supported.  Defaulting to Windows directory.
\\MAC\Home\Documents\GitHub\A01_KevinRen_TeresaLi_WQ2019\Lab3\int_sw\Release
CMD.EXE was started with the above path as the current directory.
UNC paths are not supported.  Defaulting to Windows directory.
error: --float_support=fpalib is deprecated. To compile without hardware
   floating point support, use --float_support=none.
gmake: *** [main.obj] Error 1
\\MAC\Home\Documents\GitHub\A01_KevinRen_TeresaLi_WQ2019\Lab3\int_sw\Release
CMD.EXE was started with the above path as the current directory.
UNC paths are not supported.  Defaulting to Windows directory.
\\MAC\Home\Documents\GitHub\A01_KevinRen_TeresaLi_WQ2019\Lab3\int_sw\Release
CMD.EXE was started with the above path as the current directory.
UNC paths are not supported.  Defaulting to Windows directory.
Building file: "../pin_mux_config.c"
Invoking: ARM Compiler
"C:/TI/ccsv8/tools/compiler/ti-cgt-arm_18.1.4.LTS/bin/armcl" -mv7M4 --code_state=16 --float_support=fpalib -me -Ooff --include_path="C:/TI/ccsv8/tools/compiler/ti-cgt-arm_18.1.4.LTS/include" --include_path="C:/ti/CC3200SDK_1.3.0/cc3200-sdk/example/common" --include_path="C:/ti/CC3200SDK_1.3.0/cc3200-sdk/driverlib" --include_path="C:/ti/CC3200SDK_1.3.0/cc3200-sdk/inc" --define=ccs --define=NON_NETWORK --define=cc3200 -g --gcc --diag_warning=225 --diag_wrap=off --display_error_number --abi=eabi --preproc_with_compile --preproc_dependency="pin_mux_config.d_raw"  "../pin_mux_config.c"
subdir_rules.mk:9: recipe for target 'pin_mux_config.obj' failed
error: --float_support=fpalib is deprecated. To compile without hardware
   floating point support, use --float_support=none.
gmake: *** [pin_mux_config.obj] Error 1
Building file: "C:/TI/CC3200SDK_1.3.0/cc3200-sdk/example/common/startup_ccs.c"
Invoking: ARM Compiler
"C:/TI/ccsv8/tools/compiler/ti-cgt-arm_18.1.4.LTS/bin/armcl" -mv7M4 --code_state=16 --float_support=fpalib -me -Ooff --include_path="C:/TI/ccsv8/tools/compiler/ti-cgt-arm_18.1.4.LTS/include" --include_path="C:/ti/CC3200SDK_1.3.0/cc3200-sdk/example/common" --include_path="C:/ti/CC3200SDK_1.3.0/cc3200-sdk/driverlib" --include_path="C:/ti/CC3200SDK_1.3.0/cc3200-sdk/inc" --define=ccs --define=NON_NETWORK --define=cc3200 -g --gcc --diag_warning=225 --diag_wrap=off --display_error_number --abi=eabi --preproc_with_compile --preproc_dependency="startup_ccs.d_raw"  "C:/TI/CC3200SDK_1.3.0/cc3200-sdk/example/common/startup_ccs.c"
subdir_rules.mk:16: recipe for target 'startup_ccs.obj' failed
\\MAC\Home\Documents\GitHub\A01_KevinRen_TeresaLi_WQ2019\Lab3\int_sw\Release
CMD.EXE was started with the above path as the current directory.
UNC paths are not supported.  Defaulting to Windows directory.
\\MAC\Home\Documents\GitHub\A01_KevinRen_TeresaLi_WQ2019\Lab3\int_sw\Release
CMD.EXE was started with the above path as the current directory.
UNC paths are not supported.  Defaulting to Windows directory.
error: --float_support=fpalib is deprecated. To compile without hardware
   floating point support, use --float_support=none.
gmake: *** [startup_ccs.obj] Error 1
Building file: "../uart_if.c"
Invoking: ARM Compiler
"C:/TI/ccsv8/tools/compiler/ti-cgt-arm_18.1.4.LTS/bin/armcl" -mv7M4 --code_state=16 --float_support=fpalib -me -Ooff --include_path="C:/TI/ccsv8/tools/compiler/ti-cgt-arm_18.1.4.LTS/include" --include_path="C:/ti/CC3200SDK_1.3.0/cc3200-sdk/example/common" --include_path="C:/ti/CC3200SDK_1.3.0/cc3200-sdk/driverlib" --include_path="C:/ti/CC3200SDK_1.3.0/cc3200-sdk/inc" --define=ccs --define=NON_NETWORK --define=cc3200 -g --gcc --diag_warning=225 --diag_wrap=off --display_error_number --abi=eabi --preproc_with_compile --preproc_dependency="uart_if.d_raw"  "../uart_if.c"
subdir_rules.mk:9: recipe for target 'uart_if.obj' failed
\\MAC\Home\Documents\GitHub\A01_KevinRen_TeresaLi_WQ2019\Lab3\int_sw\Release
CMD.EXE was started with the above path as the current directory.
UNC paths are not supported.  Defaulting to Windows directory.
\\MAC\Home\Documents\GitHub\A01_KevinRen_TeresaLi_WQ2019\Lab3\int_sw\Release
CMD.EXE was started with the above path as the current directory.
UNC paths are not supported.  Defaulting to Windows directory.
error: --float_support=fpalib is deprecated. To compile without hardware
   floating point support, use --float_support=none.
gmake: *** [uart_if.obj] Error 1
gmake: Target 'all' not remade because of errors.

**** Build Finished ****

**** Build of configuration Release for project int_sw ****

"C:\\TI\\ccsv8\\utils\\bin\\gmake" -k all 
 
Building file: "../main.c"
Invoking: ARM Compiler
"C:/TI/ccsv8/tools/compiler/ti-cgt-arm_18.1.4.LTS/bin/armcl" -mv7M4 --code_state=16 --float_support=fpalib -me -Ooff --include_path="C:/TI/ccsv8/tools/compiler/ti-cgt-arm_18.1.4.LTS/include" --include_path="C:/ti/CC3200SDK_1.3.0/cc3200-sdk/example/common" --include_path="C:/ti/CC3200SDK_1.3.0/cc3200-sdk/driverlib" --include_path="C:/ti/CC3200SDK_1.3.0/cc3200-sdk/inc" --define=ccs --define=NON_NETWORK --define=cc3200 -g --gcc --diag_warning=225 --diag_wrap=off --display_error_number --abi=eabi --preproc_with_compile --preproc_dependency="main.d_raw"  "../main.c"
subdir_rules.mk:9: recipe for target 'main.obj' failed
\\MAC\Home\Documents\GitHub\A01_KevinRen_TeresaLi_WQ2019\Lab3\int_sw\Release
CMD.EXE was started with the above path as the current directory.
UNC paths are not supported.  Defaulting to Windows directory.
\\MAC\Home\Documents\GitHub\A01_KevinRen_TeresaLi_WQ2019\Lab3\int_sw\Release
CMD.EXE was started with the above path as the current directory.
UNC paths are not supported.  Defaulting to Windows directory.
error: --float_support=fpalib is deprecated. To compile without hardware
   floating point support, use --float_support=none.
gmake: *** [main.obj] Error 1
Building file: "../pin_mux_config.c"
Invoking: ARM Compiler
"C:/TI/ccsv8/tools/compiler/ti-cgt-arm_18.1.4.LTS/bin/armcl" -mv7M4 --code_state=16 --float_support=fpalib -me -Ooff --include_path="C:/TI/ccsv8/tools/compiler/ti-cgt-arm_18.1.4.LTS/include" --include_path="C:/ti/CC3200SDK_1.3.0/cc3200-sdk/example/common" --include_path="C:/ti/CC3200SDK_1.3.0/cc3200-sdk/driverlib" --include_path="C:/ti/CC3200SDK_1.3.0/cc3200-sdk/inc" --define=ccs --define=NON_NETWORK --define=cc3200 -g --gcc --diag_warning=225 --diag_wrap=off --display_error_number --abi=eabi --preproc_with_compile --preproc_dependency="pin_mux_config.d_raw"  "../pin_mux_config.c"
subdir_rules.mk:9: recipe for target 'pin_mux_config.obj' failed
\\MAC\Home\Documents\GitHub\A01_KevinRen_TeresaLi_WQ2019\Lab3\int_sw\Release
CMD.EXE was started with the above path as the current directory.
UNC paths are not supported.  Defaulting to Windows directory.
\\MAC\Home\Documents\GitHub\A01_KevinRen_TeresaLi_WQ2019\Lab3\int_sw\Release
CMD.EXE was started with the above path as the current directory.
UNC paths are not supported.  Defaulting to Windows directory.
error: --float_support=fpalib is deprecated. To compile without hardware
   floating point support, use --float_support=none.
gmake: *** [pin_mux_config.obj] Error 1
Building file: "C:/TI/CC3200SDK_1.3.0/cc3200-sdk/example/common/startup_ccs.c"
Invoking: ARM Compiler
"C:/TI/ccsv8/tools/compiler/ti-cgt-arm_18.1.4.LTS/bin/armcl" -mv7M4 --code_state=16 --float_support=fpalib -me -Ooff --include_path="C:/TI/ccsv8/tools/compiler/ti-cgt-arm_18.1.4.LTS/include" --include_path="C:/ti/CC3200SDK_1.3.0/cc3200-sdk/example/common" --include_path="C:/ti/CC3200SDK_1.3.0/cc3200-sdk/driverlib" --include_path="C:/ti/CC3200SDK_1.3.0/cc3200-sdk/inc" --define=ccs --define=NON_NETWORK --define=cc3200 -g --gcc --diag_warning=225 --diag_wrap=off --display_error_number --abi=eabi --preproc_with_compile --preproc_dependency="startup_ccs.d_raw"  "C:/TI/CC3200SDK_1.3.0/cc3200-sdk/example/common/startup_ccs.c"
subdir_rules.mk:16: recipe for target 'startup_ccs.obj' failed
\\MAC\Home\Documents\GitHub\A01_KevinRen_TeresaLi_WQ2019\Lab3\int_sw\Release
CMD.EXE was started with the above path as the current directory.
UNC paths are not supported.  Defaulting to Windows directory.
\\MAC\Home\Documents\GitHub\A01_KevinRen_TeresaLi_WQ2019\Lab3\int_sw\Release
CMD.EXE was started with the above path as the current directory.
UNC paths are not supported.  Defaulting to Windows directory.
error: --float_support=fpalib is deprecated. To compile without hardware
   floating point support, use --float_support=none.
gmake: *** [startup_ccs.obj] Error 1
Building file: "../uart_if.c"
Invoking: ARM Compiler
"C:/TI/ccsv8/tools/compiler/ti-cgt-arm_18.1.4.LTS/bin/armcl" -mv7M4 --code_state=16 --float_support=fpalib -me -Ooff --include_path="C:/TI/ccsv8/tools/compiler/ti-cgt-arm_18.1.4.LTS/include" --include_path="C:/ti/CC3200SDK_1.3.0/cc3200-sdk/example/common" --include_path="C:/ti/CC3200SDK_1.3.0/cc3200-sdk/driverlib" --include_path="C:/ti/CC3200SDK_1.3.0/cc3200-sdk/inc" --define=ccs --define=NON_NETWORK --define=cc3200 -g --gcc --diag_warning=225 --diag_wrap=off --display_error_number --abi=eabi --preproc_with_compile --preproc_dependency="uart_if.d_raw"  "../uart_if.c"
subdir_rules.mk:9: recipe for target 'uart_if.obj' failed
\\MAC\Home\Documents\GitHub\A01_KevinRen_TeresaLi_WQ2019\Lab3\int_sw\Release
CMD.EXE was started with the above path as the current directory.
UNC paths are not supported.  Defaulting to Windows directory.
\\MAC\Home\Documents\GitHub\A01_KevinRen_TeresaLi_WQ2019\Lab3\int_sw\Release
CMD.EXE was started with the above path as the current directory.
UNC paths are not supported.  Defaulting to Windows directory.
error: --float_support=fpalib is deprecated. To compile without hardware
   floating point support, use --float_support=none.
gmake: *** [uart_if.obj] Error 1
gmake: Target 'all' not remade because of errors.

**** Build Finished ****

**** Build of configuration Release for project int_sw ****

"C:\\TI\\ccsv8\\utils\\bin\\gmake" -k all 
 
Building file: "../main.c"
Invoking: ARM Compiler
"C:/TI/ccsv8/tools/compiler/ti-cgt-arm_18.1.4.LTS/bin/armcl" -mv7M4 --code_state=16 --float_support=FPv4SPD16 -me -Ooff --include_path="C:/TI/ccsv8/tools/compiler/ti-cgt-arm_18.1.4.LTS/include" --include_path="C:/ti/CC3200SDK_1.3.0/cc3200-sdk/example/common" --include_path="C:/ti/CC3200SDK_1.3.0/cc3200-sdk/driverlib" --include_path="C:/ti/CC3200SDK_1.3.0/cc3200-sdk/inc" --define=ccs --define=NON_NETWORK --define=cc3200 -g --gcc --diag_warning=225 --diag_wrap=off --display_error_number --abi=eabi --preproc_with_compile --preproc_dependency="main.d_raw"  "../main.c"
\\MAC\Home\Documents\GitHub\A01_KevinRen_TeresaLi_WQ2019\Lab3\int_sw\Release
CMD.EXE was started with the above path as the current directory.
UNC paths are not supported.  Defaulting to Windows directory.
\\MAC\Home\Documents\GitHub\A01_KevinRen_TeresaLi_WQ2019\Lab3\int_sw\Release
CMD.EXE was started with the above path as the current directory.
UNC paths are not supported.  Defaulting to Windows directory.
\\MAC\Home\Documents\GitHub\A01_KevinRen_TeresaLi_WQ2019\Lab3\int_sw\Release
CMD.EXE was started with the above path as the current directory.
UNC paths are not supported.  Defaulting to Windows directory.
Finished building: "../main.c"
 
Building file: "../pin_mux_config.c"
Invoking: ARM Compiler
"C:/TI/ccsv8/tools/compiler/ti-cgt-arm_18.1.4.LTS/bin/armcl" -mv7M4 --code_state=16 --float_support=FPv4SPD16 -me -Ooff --include_path="C:/TI/ccsv8/tools/compiler/ti-cgt-arm_18.1.4.LTS/include" --include_path="C:/ti/CC3200SDK_1.3.0/cc3200-sdk/example/common" --include_path="C:/ti/CC3200SDK_1.3.0/cc3200-sdk/driverlib" --include_path="C:/ti/CC3200SDK_1.3.0/cc3200-sdk/inc" --define=ccs --define=NON_NETWORK --define=cc3200 -g --gcc --diag_warning=225 --diag_wrap=off --display_error_number --abi=eabi --preproc_with_compile --preproc_dependency="pin_mux_config.d_raw"  "../pin_mux_config.c"
\\MAC\Home\Documents\GitHub\A01_KevinRen_TeresaLi_WQ2019\Lab3\int_sw\Release
CMD.EXE was started with the above path as the current directory.
UNC paths are not supported.  Defaulting to Windows directory.
\\MAC\Home\Documents\GitHub\A01_KevinRen_TeresaLi_WQ2019\Lab3\int_sw\Release
CMD.EXE was started with the above path as the current directory.
UNC paths are not supported.  Defaulting to Windows directory.
\\MAC\Home\Documents\GitHub\A01_KevinRen_TeresaLi_WQ2019\Lab3\int_sw\Release
CMD.EXE was started with the above path as the current directory.
UNC paths are not supported.  Defaulting to Windows directory.
\\MAC\Home\Documents\GitHub\A01_KevinRen_TeresaLi_WQ2019\Lab3\int_sw\Release
CMD.EXE was started with the above path as the current directory.
UNC paths are not supported.  Defaulting to Windows directory.
Finished building: "../pin_mux_config.c"
 
Building file: "C:/TI/CC3200SDK_1.3.0/cc3200-sdk/example/common/startup_ccs.c"
Invoking: ARM Compiler
"C:/TI/ccsv8/tools/compiler/ti-cgt-arm_18.1.4.LTS/bin/armcl" -mv7M4 --code_state=16 --float_support=FPv4SPD16 -me -Ooff --include_path="C:/TI/ccsv8/tools/compiler/ti-cgt-arm_18.1.4.LTS/include" --include_path="C:/ti/CC3200SDK_1.3.0/cc3200-sdk/example/common" --include_path="C:/ti/CC3200SDK_1.3.0/cc3200-sdk/driverlib" --include_path="C:/ti/CC3200SDK_1.3.0/cc3200-sdk/inc" --define=ccs --define=NON_NETWORK --define=cc3200 -g --gcc --diag_warning=225 --diag_wrap=off --display_error_number --abi=eabi --preproc_with_compile --preproc_dependency="startup_ccs.d_raw"  "C:/TI/CC3200SDK_1.3.0/cc3200-sdk/example/common/startup_ccs.c"
\\MAC\Home\Documents\GitHub\A01_KevinRen_TeresaLi_WQ2019\Lab3\int_sw\Release
CMD.EXE was started with the above path as the current directory.
UNC paths are not supported.  Defaulting to Windows directory.
\\MAC\Home\Documents\GitHub\A01_KevinRen_TeresaLi_WQ2019\Lab3\int_sw\Release
CMD.EXE was started with the above path as the current directory.
UNC paths are not supported.  Defaulting to Windows directory.
\\MAC\Home\Documents\GitHub\A01_KevinRen_TeresaLi_WQ2019\Lab3\int_sw\Release
CMD.EXE was started with the above path as the current directory.
UNC paths are not supported.  Defaulting to Windows directory.
\\MAC\Home\Documents\GitHub\A01_KevinRen_TeresaLi_WQ2019\Lab3\int_sw\Release
CMD.EXE was started with the above path as the current directory.
UNC paths are not supported.  Defaulting to Windows directory.
Finished building: "C:/TI/CC3200SDK_1.3.0/cc3200-sdk/example/common/startup_ccs.c"
 
Building file: "../uart_if.c"
Invoking: ARM Compiler
"C:/TI/ccsv8/tools/compiler/ti-cgt-arm_18.1.4.LTS/bin/armcl" -mv7M4 --code_state=16 --float_support=FPv4SPD16 -me -Ooff --include_path="C:/TI/ccsv8/tools/compiler/ti-cgt-arm_18.1.4.LTS/include" --include_path="C:/ti/CC3200SDK_1.3.0/cc3200-sdk/example/common" --include_path="C:/ti/CC3200SDK_1.3.0/cc3200-sdk/driverlib" --include_path="C:/ti/CC3200SDK_1.3.0/cc3200-sdk/inc" --define=ccs --define=NON_NETWORK --define=cc3200 -g --gcc --diag_warning=225 --diag_wrap=off --display_error_number --abi=eabi --preproc_with_compile --preproc_dependency="uart_if.d_raw"  "../uart_if.c"
\\MAC\Home\Documents\GitHub\A01_KevinRen_TeresaLi_WQ2019\Lab3\int_sw\Release
CMD.EXE was started with the above path as the current directory.
UNC paths are not supported.  Defaulting to Windows directory.
\\MAC\Home\Documents\GitHub\A01_KevinRen_TeresaLi_WQ2019\Lab3\int_sw\Release
CMD.EXE was started with the above path as the current directory.
UNC paths are not supported.  Defaulting to Windows directory.
\\MAC\Home\Documents\GitHub\A01_KevinRen_TeresaLi_WQ2019\Lab3\int_sw\Release
CMD.EXE was started with the above path as the current directory.
UNC paths are not supported.  Defaulting to Windows directory.
\\MAC\Home\Documents\GitHub\A01_KevinRen_TeresaLi_WQ2019\Lab3\int_sw\Release
CMD.EXE was started with the above path as the current directory.
UNC paths are not supported.  Defaulting to Windows directory.
Finished building: "../uart_if.c"
 
Building target: "int_sw.out"
Invoking: ARM Linker
"C:/TI/ccsv8/tools/compiler/ti-cgt-arm_18.1.4.LTS/bin/armcl" -mv7M4 --code_state=16 --float_support=FPv4SPD16 -me -Ooff --define=ccs --define=NON_NETWORK --define=cc3200 -g --gcc --diag_warning=225 --diag_wrap=off --display_error_number --abi=eabi -z -m"int_sw.map" --heap_size=0x800 --stack_size=0x800 -i"C:/TI/ccsv8/tools/compiler/ti-cgt-arm_18.1.4.LTS/lib" -i"C:/ti/CC3200SDK_1.3.0/cc3200-sdk/driverlib/ccs/Release" -i"C:/TI/ccsv8/tools/compiler/ti-cgt-arm_18.1.4.LTS/include" --reread_libs --diag_wrap=off --display_error_number --warn_sections --xml_link_info="int_sw_linkInfo.xml" --rom_model -o "int_sw.out" "./main.obj" "./pin_mux_config.obj" "./startup_ccs.obj" "./uart_if.obj" "../cc3200v1p32.cmd"  -llibc.a -ldriverlib.a 
<Linking>
\\MAC\Home\Documents\GitHub\A01_KevinRen_TeresaLi_WQ2019\Lab3\int_sw\Release
CMD.EXE was started with the above path as the current directory.
UNC paths are not supported.  Defaulting to Windows directory.
\\MAC\Home\Documents\GitHub\A01_KevinRen_TeresaLi_WQ2019\Lab3\int_sw\Release
CMD.EXE was started with the above path as the current directory.
UNC paths are not supported.  Defaulting to Windows directory.
\\MAC\Home\Documents\GitHub\A01_KevinRen_TeresaLi_WQ2019\Lab3\int_sw\Release
CMD.EXE was started with the above path as the current directory.
UNC paths are not supported.  Defaulting to Windows directory.
\\MAC\Home\Documents\GitHub\A01_KevinRen_TeresaLi_WQ2019\Lab3\int_sw\Release
CMD.EXE was started with the above path as the current directory.
UNC paths are not supported.  Defaulting to Windows directory.
Finished building target: "int_sw.out"
 
"C:/TI/ccsv8/utils/tiobj2bin/tiobj2bin" "int_sw.out" "int_sw.bin" "C:/TI/ccsv8/tools/compiler/ti-cgt-arm_18.1.4.LTS/bin/armofd" "C:/TI/ccsv8/tools/compiler/ti-cgt-arm_18.1.4.LTS/bin/armhex" "C:/TI/ccsv8/utils/tiobj2bin/mkhex4bin"
C:/TI/ccsv8/utils/tiobj2bin/mkhex4bin failure occurred.  Giving up.
 
\\MAC\Home\Documents\GitHub\A01_KevinRen_TeresaLi_WQ2019\Lab3\int_sw\Release
CMD.EXE was started with the above path as the current directory.
UNC paths are not supported.  Defaulting to Windows directory.
\\MAC\Home\Documents\GitHub\A01_KevinRen_TeresaLi_WQ2019\Lab3\int_sw\Release
CMD.EXE was started with the above path as the current directory.
UNC paths are not supported.  Defaulting to Windows directory.
error: failed to read "int_sw.out"
Use of uninitialized value $str in pattern match (m//) at XML_TI_OFD.pm line 2146.
Use of uninitialized value $targ_num in hash element at XML_TI_OFD.pm line 1325.
Unexpected target: unknown at script/mkhex4bin.pl line 270.
\\MAC\Home\Documents\GitHub\A01_KevinRen_TeresaLi_WQ2019\Lab3\int_sw\Release
CMD.EXE was started with the above path as the current directory.
UNC paths are not supported.  Defaulting to Windows directory.

**** Build Finished ****

**** Clean-only build of configuration Release for project Lab3 Part2 ****

"C:\\TI\\ccsv8\\utils\\bin\\gmake" -k clean 
 
DEL /F  "int_sw.bin"  "int_sw.out" 
DEL /F "main.obj" "pin_mux_config.obj" "startup_ccs.obj" "uart_if.obj" 
DEL /F "main.d" "pin_mux_config.d" "startup_ccs.d" "uart_if.d" 
\\MAC\Home\Documents\GitHub\A01_KevinRen_TeresaLi_WQ2019\Lab3\Lab3 Part2\Release
CMD.EXE was started with the above path as the current directory.
UNC paths are not supported.  Defaulting to Windows directory.
Could Not Find C:\Windows\int_sw.bin
\\MAC\Home\Documents\GitHub\A01_KevinRen_TeresaLi_WQ2019\Lab3\Lab3 Part2\Release
CMD.EXE was started with the above path as the current directory.
UNC paths are not supported.  Defaulting to Windows directory.
Could Not Find C:\Windows\main.obj
\\MAC\Home\Documents\GitHub\A01_KevinRen_TeresaLi_WQ2019\Lab3\Lab3 Part2\Release
CMD.EXE was started with the above path as the current directory.
UNC paths are not supported.  Defaulting to Windows directory.
Could Not Find C:\Windows\main.d
\\MAC\Home\Documents\GitHub\A01_KevinRen_TeresaLi_WQ2019\Lab3\Lab3 Part2\Release
CMD.EXE was started with the above path as the current directory.
UNC paths are not supported.  Defaulting to Windows directory.
Finished clean
 
\\MAC\Home\Documents\GitHub\A01_KevinRen_TeresaLi_WQ2019\Lab3\Lab3 Part2\Release
CMD.EXE was started with the above path as the current directory.
UNC paths are not supported.  Defaulting to Windows directory.

**** Build Finished ****

**** Build of configuration Release for project Lab3 Part2 ****

"C:\\TI\\ccsv8\\utils\\bin\\gmake" -k all 
 
Building file: "../main.c"
Invoking: ARM Compiler
"C:/TI/ccsv8/tools/compiler/ti-cgt-arm_18.1.4.LTS/bin/armcl" -mv7M4 --code_state=16 --float_support=FPv4SPD16 -me -Ooff --include_path="C:/TI/ccsv8/tools/compiler/ti-cgt-arm_18.1.4.LTS/include" --include_path="C:/ti/CC3200SDK_1.3.0/cc3200-sdk/example/common" --include_path="C:/ti/CC3200SDK_1.3.0/cc3200-sdk/driverlib" --include_path="C:/ti/CC3200SDK_1.3.0/cc3200-sdk/inc" --define=ccs --define=NON_NETWORK --define=cc3200 -g --gcc --diag_warning=225 --diag_wrap=off --display_error_number --abi=eabi --preproc_with_compile --preproc_dependency="main.d_raw"  "../main.c"
\\MAC\Home\Documents\GitHub\A01_KevinRen_TeresaLi_WQ2019\Lab3\Lab3 Part2\Release
CMD.EXE was started with the above path as the current directory.
UNC paths are not supported.  Defaulting to Windows directory.
\\MAC\Home\Documents\GitHub\A01_KevinRen_TeresaLi_WQ2019\Lab3\Lab3 Part2\Release
CMD.EXE was started with the above path as the current directory.
UNC paths are not supported.  Defaulting to Windows directory.
\\MAC\Home\Documents\GitHub\A01_KevinRen_TeresaLi_WQ2019\Lab3\Lab3 Part2\Release
CMD.EXE was started with the above path as the current directory.
UNC paths are not supported.  Defaulting to Windows directory.
Finished building: "../main.c"
 
Building file: "../pin_mux_config.c"
Invoking: ARM Compiler
"C:/TI/ccsv8/tools/compiler/ti-cgt-arm_18.1.4.LTS/bin/armcl" -mv7M4 --code_state=16 --float_support=FPv4SPD16 -me -Ooff --include_path="C:/TI/ccsv8/tools/compiler/ti-cgt-arm_18.1.4.LTS/include" --include_path="C:/ti/CC3200SDK_1.3.0/cc3200-sdk/example/common" --include_path="C:/ti/CC3200SDK_1.3.0/cc3200-sdk/driverlib" --include_path="C:/ti/CC3200SDK_1.3.0/cc3200-sdk/inc" --define=ccs --define=NON_NETWORK --define=cc3200 -g --gcc --diag_warning=225 --diag_wrap=off --display_error_number --abi=eabi --preproc_with_compile --preproc_dependency="pin_mux_config.d_raw"  "../pin_mux_config.c"
\\MAC\Home\Documents\GitHub\A01_KevinRen_TeresaLi_WQ2019\Lab3\Lab3 Part2\Release
CMD.EXE was started with the above path as the current directory.
UNC paths are not supported.  Defaulting to Windows directory.
\\MAC\Home\Documents\GitHub\A01_KevinRen_TeresaLi_WQ2019\Lab3\Lab3 Part2\Release
CMD.EXE was started with the above path as the current directory.
UNC paths are not supported.  Defaulting to Windows directory.
\\MAC\Home\Documents\GitHub\A01_KevinRen_TeresaLi_WQ2019\Lab3\Lab3 Part2\Release
CMD.EXE was started with the above path as the current directory.
UNC paths are not supported.  Defaulting to Windows directory.
\\MAC\Home\Documents\GitHub\A01_KevinRen_TeresaLi_WQ2019\Lab3\Lab3 Part2\Release
CMD.EXE was started with the above path as the current directory.
UNC paths are not supported.  Defaulting to Windows directory.
Finished building: "../pin_mux_config.c"
 
Building file: "C:/TI/CC3200SDK_1.3.0/cc3200-sdk/example/common/startup_ccs.c"
Invoking: ARM Compiler
"C:/TI/ccsv8/tools/compiler/ti-cgt-arm_18.1.4.LTS/bin/armcl" -mv7M4 --code_state=16 --float_support=FPv4SPD16 -me -Ooff --include_path="C:/TI/ccsv8/tools/compiler/ti-cgt-arm_18.1.4.LTS/include" --include_path="C:/ti/CC3200SDK_1.3.0/cc3200-sdk/example/common" --include_path="C:/ti/CC3200SDK_1.3.0/cc3200-sdk/driverlib" --include_path="C:/ti/CC3200SDK_1.3.0/cc3200-sdk/inc" --define=ccs --define=NON_NETWORK --define=cc3200 -g --gcc --diag_warning=225 --diag_wrap=off --display_error_number --abi=eabi --preproc_with_compile --preproc_dependency="startup_ccs.d_raw"  "C:/TI/CC3200SDK_1.3.0/cc3200-sdk/example/common/startup_ccs.c"
\\MAC\Home\Documents\GitHub\A01_KevinRen_TeresaLi_WQ2019\Lab3\Lab3 Part2\Release
CMD.EXE was started with the above path as the current directory.
UNC paths are not supported.  Defaulting to Windows directory.
\\MAC\Home\Documents\GitHub\A01_KevinRen_TeresaLi_WQ2019\Lab3\Lab3 Part2\Release
CMD.EXE was started with the above path as the current directory.
UNC paths are not supported.  Defaulting to Windows directory.
\\MAC\Home\Documents\GitHub\A01_KevinRen_TeresaLi_WQ2019\Lab3\Lab3 Part2\Release
CMD.EXE was started with the above path as the current directory.
UNC paths are not supported.  Defaulting to Windows directory.
\\MAC\Home\Documents\GitHub\A01_KevinRen_TeresaLi_WQ2019\Lab3\Lab3 Part2\Release
CMD.EXE was started with the above path as the current directory.
UNC paths are not supported.  Defaulting to Windows directory.
Finished building: "C:/TI/CC3200SDK_1.3.0/cc3200-sdk/example/common/startup_ccs.c"
 
Building file: "../uart_if.c"
Invoking: ARM Compiler
"C:/TI/ccsv8/tools/compiler/ti-cgt-arm_18.1.4.LTS/bin/armcl" -mv7M4 --code_state=16 --float_support=FPv4SPD16 -me -Ooff --include_path="C:/TI/ccsv8/tools/compiler/ti-cgt-arm_18.1.4.LTS/include" --include_path="C:/ti/CC3200SDK_1.3.0/cc3200-sdk/example/common" --include_path="C:/ti/CC3200SDK_1.3.0/cc3200-sdk/driverlib" --include_path="C:/ti/CC3200SDK_1.3.0/cc3200-sdk/inc" --define=ccs --define=NON_NETWORK --define=cc3200 -g --gcc --diag_warning=225 --diag_wrap=off --display_error_number --abi=eabi --preproc_with_compile --preproc_dependency="uart_if.d_raw"  "../uart_if.c"
\\MAC\Home\Documents\GitHub\A01_KevinRen_TeresaLi_WQ2019\Lab3\Lab3 Part2\Release
CMD.EXE was started with the above path as the current directory.
UNC paths are not supported.  Defaulting to Windows directory.
\\MAC\Home\Documents\GitHub\A01_KevinRen_TeresaLi_WQ2019\Lab3\Lab3 Part2\Release
CMD.EXE was started with the above path as the current directory.
UNC paths are not supported.  Defaulting to Windows directory.
\\MAC\Home\Documents\GitHub\A01_KevinRen_TeresaLi_WQ2019\Lab3\Lab3 Part2\Release
CMD.EXE was started with the above path as the current directory.
UNC paths are not supported.  Defaulting to Windows directory.
\\MAC\Home\Documents\GitHub\A01_KevinRen_TeresaLi_WQ2019\Lab3\Lab3 Part2\Release
CMD.EXE was started with the above path as the current directory.
UNC paths are not supported.  Defaulting to Windows directory.
Finished building: "../uart_if.c"
 
Building target: "Lab3 Part2.out"
Invoking: ARM Linker
"C:/TI/ccsv8/tools/compiler/ti-cgt-arm_18.1.4.LTS/bin/armcl" -mv7M4 --code_state=16 --float_support=FPv4SPD16 -me -Ooff --define=ccs --define=NON_NETWORK --define=cc3200 -g --gcc --diag_warning=225 --diag_wrap=off --display_error_number --abi=eabi -z -m"Lab3 Part2.map" --heap_size=0x800 --stack_size=0x800 -i"C:/TI/ccsv8/tools/compiler/ti-cgt-arm_18.1.4.LTS/lib" -i"C:/ti/CC3200SDK_1.3.0/cc3200-sdk/driverlib/ccs/Release" -i"C:/TI/ccsv8/tools/compiler/ti-cgt-arm_18.1.4.LTS/include" --reread_libs --diag_wrap=off --display_error_number --warn_sections --xml_link_info="Lab3 Part2_linkInfo.xml" --rom_model -o "Lab3 Part2.out" "./main.obj" "./pin_mux_config.obj" "./startup_ccs.obj" "./uart_if.obj" "../cc3200v1p32.cmd"  -llibc.a -ldriverlib.a 
<Linking>
\\MAC\Home\Documents\GitHub\A01_KevinRen_TeresaLi_WQ2019\Lab3\Lab3 Part2\Release
CMD.EXE was started with the above path as the current directory.
UNC paths are not supported.  Defaulting to Windows directory.
\\MAC\Home\Documents\GitHub\A01_KevinRen_TeresaLi_WQ2019\Lab3\Lab3 Part2\Release
CMD.EXE was started with the above path as the current directory.
UNC paths are not supported.  Defaulting to Windows directory.
\\MAC\Home\Documents\GitHub\A01_KevinRen_TeresaLi_WQ2019\Lab3\Lab3 Part2\Release
CMD.EXE was started with the above path as the current directory.
UNC paths are not supported.  Defaulting to Windows directory.
\\MAC\Home\Documents\GitHub\A01_KevinRen_TeresaLi_WQ2019\Lab3\Lab3 Part2\Release
CMD.EXE was started with the above path as the current directory.
UNC paths are not supported.  Defaulting to Windows directory.
Finished building target: "Lab3 Part2.out"
 
"C:/TI/ccsv8/utils/tiobj2bin/tiobj2bin" "Lab3 Part2.out" "Lab3 Part2.bin" "C:/TI/ccsv8/tools/compiler/ti-cgt-arm_18.1.4.LTS/bin/armofd" "C:/TI/ccsv8/tools/compiler/ti-cgt-arm_18.1.4.LTS/bin/armhex" "C:/TI/ccsv8/utils/tiobj2bin/mkhex4bin"
C:/TI/ccsv8/utils/tiobj2bin/mkhex4bin failure occurred.  Giving up.
 
\\MAC\Home\Documents\GitHub\A01_KevinRen_TeresaLi_WQ2019\Lab3\Lab3 Part2\Release
CMD.EXE was started with the above path as the current directory.
UNC paths are not supported.  Defaulting to Windows directory.
\\MAC\Home\Documents\GitHub\A01_KevinRen_TeresaLi_WQ2019\Lab3\Lab3 Part2\Release
CMD.EXE was started with the above path as the current directory.
UNC paths are not supported.  Defaulting to Windows directory.
error: failed to read "Lab3 Part2.out"
Use of uninitialized value $str in pattern match (m//) at XML_TI_OFD.pm line 2146.
Use of uninitialized value $targ_num in hash element at XML_TI_OFD.pm line 1325.
Unexpected target: unknown at script/mkhex4bin.pl line 270.
\\MAC\Home\Documents\GitHub\A01_KevinRen_TeresaLi_WQ2019\Lab3\Lab3 Part2\Release
CMD.EXE was started with the above path as the current directory.
UNC paths are not supported.  Defaulting to Windows directory.

**** Build Finished ****

**** Build of configuration Release for project Lab3 Part2 ****

"C:\\TI\\ccsv8\\utils\\bin\\gmake" -k all 
 
Building file: "../main.c"
Invoking: ARM Compiler
"C:/TI/ccsv8/tools/compiler/ti-cgt-arm_18.1.4.LTS/bin/armcl" -mv7M4 --code_state=16 --float_support=FPv4SPD16 -me -Ooff --include_path="C:/TI/ccsv8/tools/compiler/ti-cgt-arm_18.1.4.LTS/include" --include_path="C:/ti/CC3200SDK_1.3.0/cc3200-sdk/example/common" --include_path="C:/ti/CC3200SDK_1.3.0/cc3200-sdk/driverlib" --include_path="C:/ti/CC3200SDK_1.3.0/cc3200-sdk/inc" --define=ccs --define=NON_NETWORK --define=cc3200 -g --gcc --diag_warning=225 --diag_wrap=off --display_error_number --abi=eabi --preproc_with_compile --preproc_dependency="main.d_raw"  "../main.c"
 
>> Compilation failure
subdir_rules.mk:9: recipe for target 'main.obj' failed
\\MAC\Home\Documents\GitHub\A01_KevinRen_TeresaLi_WQ2019\Lab3\Lab3 Part2\Release
CMD.EXE was started with the above path as the current directory.
UNC paths are not supported.  Defaulting to Windows directory.
\\MAC\Home\Documents\GitHub\A01_KevinRen_TeresaLi_WQ2019\Lab3\Lab3 Part2\Release
CMD.EXE was started with the above path as the current directory.
UNC paths are not supported.  Defaulting to Windows directory.
"../main.c", line 149: warning #225-D: function "TimerValueGet" declared implicitly
"../main.c", line 149: error #20: identifier "TIMER_A" is undefined
"../main.c", line 150: warning #225-D: function "TimerLoadSet" declared implicitly
"../main.c", line 160: warning #225-D: function "TimerIntClear" declared implicitly
"../main.c", line 160: error #20: identifier "TIMER_CAPA_EVENT" is undefined
"../main.c", line 175: error #249: function "BoardInit" has already been defined
"../main.c", line 207: warning #225-D: function "TimerIntRegister" declared implicitly
"../main.c", line 207: error #20: identifier "TIMER_A" is undefined
"../main.c", line 208: warning #225-D: function "TimerConfigure" declared implicitly
"../main.c", line 208: error #20: identifier "TIMER_CFG_SPLIT_PAIR" is undefined
"../main.c", line 208: error #20: identifier "TIMER_CFG_A_CAP_TIME" is undefined
"../main.c", line 209: warning #225-D: function "TimerControlEvent" declared implicitly
"../main.c", line 209: error #20: identifier "TIMER_EVENT_NEG_EDGE" is undefined
"../main.c", line 210: warning #225-D: function "TimerLoadSet" declared implicitly
"../main.c", line 211: warning #225-D: function "TimerIntEnable" declared implicitly
"../main.c", line 211: error #20: identifier "TIMER_CAPA_EVENT" is undefined
"../main.c", line 212: warning #225-D: function "TimerEnable" declared implicitly
"../main.c", line 218: error #29: expected an expression
"../main.c", line 218: error #20: identifier "k" is undefined
"../main.c", line 219: error #20: identifier "sum" is undefined
"../main.c", line 219: warning #225-D: function "pow" declared implicitly
"../main.c", line 222: error #20: identifier "sum" is undefined
At end of source: error #68: expected a "}"
"../main.c", line 63: warning #179-D: variable "g_ulSamples" was declared but never referenced
"../main.c", line 73: warning #179-D: variable "receive" was declared but never referenced
13 errors detected in the compilation of "../main.c".
gmake: *** [main.obj] Error 1
\\MAC\Home\Documents\GitHub\A01_KevinRen_TeresaLi_WQ2019\Lab3\Lab3 Part2\Release
CMD.EXE was started with the above path as the current directory.
UNC paths are not supported.  Defaulting to Windows directory.
Building file: "../pin_mux_config.c"
Invoking: ARM Compiler
"C:/TI/ccsv8/tools/compiler/ti-cgt-arm_18.1.4.LTS/bin/armcl" -mv7M4 --code_state=16 --float_support=FPv4SPD16 -me -Ooff --include_path="C:/TI/ccsv8/tools/compiler/ti-cgt-arm_18.1.4.LTS/include" --include_path="C:/ti/CC3200SDK_1.3.0/cc3200-sdk/example/common" --include_path="C:/ti/CC3200SDK_1.3.0/cc3200-sdk/driverlib" --include_path="C:/ti/CC3200SDK_1.3.0/cc3200-sdk/inc" --define=ccs --define=NON_NETWORK --define=cc3200 -g --gcc --diag_warning=225 --diag_wrap=off --display_error_number --abi=eabi --preproc_with_compile --preproc_dependency="pin_mux_config.d_raw"  "../pin_mux_config.c"
\\MAC\Home\Documents\GitHub\A01_KevinRen_TeresaLi_WQ2019\Lab3\Lab3 Part2\Release
CMD.EXE was started with the above path as the current directory.
UNC paths are not supported.  Defaulting to Windows directory.
\\MAC\Home\Documents\GitHub\A01_KevinRen_TeresaLi_WQ2019\Lab3\Lab3 Part2\Release
CMD.EXE was started with the above path as the current directory.
UNC paths are not supported.  Defaulting to Windows directory.
Finished building: "../pin_mux_config.c"
 
\\MAC\Home\Documents\GitHub\A01_KevinRen_TeresaLi_WQ2019\Lab3\Lab3 Part2\Release
CMD.EXE was started with the above path as the current directory.
UNC paths are not supported.  Defaulting to Windows directory.
gmake: Target 'all' not remade because of errors.

**** Build Finished ****

**** Build of configuration Release for project Lab3 Part2 ****

"C:\\TI\\ccsv8\\utils\\bin\\gmake" -k all 
 
Building file: "../main.c"
Invoking: ARM Compiler
"C:/TI/ccsv8/tools/compiler/ti-cgt-arm_18.1.4.LTS/bin/armcl" -mv7M4 --code_state=16 --float_support=FPv4SPD16 -me -Ooff --include_path="C:/TI/ccsv8/tools/compiler/ti-cgt-arm_18.1.4.LTS/include" --include_path="C:/ti/CC3200SDK_1.3.0/cc3200-sdk/example/common" --include_path="C:/ti/CC3200SDK_1.3.0/cc3200-sdk/driverlib" --include_path="C:/ti/CC3200SDK_1.3.0/cc3200-sdk/inc" --define=ccs --define=NON_NETWORK --define=cc3200 -g --gcc --diag_warning=225 --diag_wrap=off --display_error_number --abi=eabi --preproc_with_compile --preproc_dependency="main.d_raw"  "../main.c"
 
>> Compilation failure
subdir_rules.mk:9: recipe for target 'main.obj' failed
\\MAC\Home\Documents\GitHub\A01_KevinRen_TeresaLi_WQ2019\Lab3\Lab3 Part2\Release
CMD.EXE was started with the above path as the current directory.
UNC paths are not supported.  Defaulting to Windows directory.
\\MAC\Home\Documents\GitHub\A01_KevinRen_TeresaLi_WQ2019\Lab3\Lab3 Part2\Release
CMD.EXE was started with the above path as the current directory.
UNC paths are not supported.  Defaulting to Windows directory.
"../main.c", line 149: warning #225-D: function "TimerValueGet" declared implicitly
"../main.c", line 149: error #20: identifier "TIMER_A" is undefined
"../main.c", line 150: warning #225-D: function "TimerLoadSet" declared implicitly
"../main.c", line 160: warning #225-D: function "TimerIntClear" declared implicitly
"../main.c", line 160: error #20: identifier "TIMER_CAPA_EVENT" is undefined
"../main.c", line 175: error #249: function "BoardInit" has already been defined
"../main.c", line 207: warning #225-D: function "TimerIntRegister" declared implicitly
"../main.c", line 207: error #20: identifier "TIMER_A" is undefined
"../main.c", line 208: warning #225-D: function "TimerConfigure" declared implicitly
"../main.c", line 208: error #20: identifier "TIMER_CFG_SPLIT_PAIR" is undefined
"../main.c", line 208: error #20: identifier "TIMER_CFG_A_CAP_TIME" is undefined
"../main.c", line 209: warning #225-D: function "TimerControlEvent" declared implicitly
"../main.c", line 209: error #20: identifier "TIMER_EVENT_NEG_EDGE" is undefined
"../main.c", line 210: warning #225-D: function "TimerLoadSet" declared implicitly
"../main.c", line 211: warning #225-D: function "TimerIntEnable" declared implicitly
"../main.c", line 211: error #20: identifier "TIMER_CAPA_EVENT" is undefined
"../main.c", line 212: warning #225-D: function "TimerEnable" declared implicitly
"../main.c", line 220: error #20: identifier "sum" is undefined
"../main.c", line 220: warning #225-D: function "pow" declared implicitly
"../main.c", line 223: error #20: identifier "sum" is undefined
At end of source: error #68: expected a "}"
"../main.c", line 63: warning #179-D: variable "g_ulSamples" was declared but never referenced
"../main.c", line 73: warning #179-D: variable "receive" was declared but never referenced
11 errors detected in the compilation of "../main.c".
gmake: *** [main.obj] Error 1
gmake: Target 'all' not remade because of errors.

**** Build Finished ****

**** Build of configuration Release for project Lab3 Part2 ****

"C:\\TI\\ccsv8\\utils\\bin\\gmake" -k all 
 
Building file: "../main.c"
Invoking: ARM Compiler
"C:/TI/ccsv8/tools/compiler/ti-cgt-arm_18.1.4.LTS/bin/armcl" -mv7M4 --code_state=16 --float_support=FPv4SPD16 -me -Ooff --include_path="C:/TI/ccsv8/tools/compiler/ti-cgt-arm_18.1.4.LTS/include" --include_path="C:/ti/CC3200SDK_1.3.0/cc3200-sdk/example/common" --include_path="C:/ti/CC3200SDK_1.3.0/cc3200-sdk/driverlib" --include_path="C:/ti/CC3200SDK_1.3.0/cc3200-sdk/inc" --define=ccs --define=NON_NETWORK --define=cc3200 -g --gcc --diag_warning=225 --diag_wrap=off --display_error_number --abi=eabi --preproc_with_compile --preproc_dependency="main.d_raw"  "../main.c"
 
>> Compilation failure
subdir_rules.mk:9: recipe for target 'main.obj' failed
\\MAC\Home\Documents\GitHub\A01_KevinRen_TeresaLi_WQ2019\Lab3\Lab3 Part2\Release
CMD.EXE was started with the above path as the current directory.
UNC paths are not supported.  Defaulting to Windows directory.
\\MAC\Home\Documents\GitHub\A01_KevinRen_TeresaLi_WQ2019\Lab3\Lab3 Part2\Release
CMD.EXE was started with the above path as the current directory.
UNC paths are not supported.  Defaulting to Windows directory.
"../main.c", line 179: error #249: function "BoardInit" has already been defined
"../main.c", line 224: error #20: identifier "sum" is undefined
"../main.c", line 224: warning #225-D: function "pow" declared implicitly
"../main.c", line 227: error #20: identifier "sum" is undefined
At end of source: error #68: expected a "}"
"../main.c", line 67: warning #179-D: variable "g_ulSamples" was declared but never referenced
"../main.c", line 77: warning #179-D: variable "receive" was declared but never referenced
4 errors detected in the compilation of "../main.c".
gmake: *** [main.obj] Error 1
gmake: Target 'all' not remade because of errors.

**** Build Finished ****

**** Build of configuration Release for project Lab3 Part2 ****

"C:\\TI\\ccsv8\\utils\\bin\\gmake" -k all 
 
Building file: "../main.c"
Invoking: ARM Compiler
"C:/TI/ccsv8/tools/compiler/ti-cgt-arm_18.1.4.LTS/bin/armcl" -mv7M4 --code_state=16 --float_support=FPv4SPD16 -me -Ooff --include_path="C:/TI/ccsv8/tools/compiler/ti-cgt-arm_18.1.4.LTS/include" --include_path="C:/ti/CC3200SDK_1.3.0/cc3200-sdk/example/common" --include_path="C:/ti/CC3200SDK_1.3.0/cc3200-sdk/driverlib" --include_path="C:/ti/CC3200SDK_1.3.0/cc3200-sdk/inc" --define=ccs --define=NON_NETWORK --define=cc3200 -g --gcc --diag_warning=225 --diag_wrap=off --display_error_number --abi=eabi --preproc_with_compile --preproc_dependency="main.d_raw"  "../main.c"
 
>> Compilation failure
subdir_rules.mk:9: recipe for target 'main.obj' failed
\\MAC\Home\Documents\GitHub\A01_KevinRen_TeresaLi_WQ2019\Lab3\Lab3 Part2\Release
CMD.EXE was started with the above path as the current directory.
UNC paths are not supported.  Defaulting to Windows directory.
\\MAC\Home\Documents\GitHub\A01_KevinRen_TeresaLi_WQ2019\Lab3\Lab3 Part2\Release
CMD.EXE was started with the above path as the current directory.
UNC paths are not supported.  Defaulting to Windows directory.
"../main.c", line 180: error #20: identifier "sum" is undefined
"../main.c", line 180: warning #225-D: function "pow" declared implicitly
"../main.c", line 183: error #20: identifier "sum" is undefined
At end of source: error #68: expected a "}"
"../main.c", line 67: warning #179-D: variable "g_ulSamples" was declared but never referenced
"../main.c", line 77: warning #179-D: variable "receive" was declared but never referenced
3 errors detected in the compilation of "../main.c".
gmake: *** [main.obj] Error 1
gmake: Target 'all' not remade because of errors.

**** Build Finished ****

**** Build of configuration Release for project Lab3 Part2 ****

"C:\\TI\\ccsv8\\utils\\bin\\gmake" -k all 
 
Building file: "../main.c"
Invoking: ARM Compiler
"C:/TI/ccsv8/tools/compiler/ti-cgt-arm_18.1.4.LTS/bin/armcl" -mv7M4 --code_state=16 --float_support=FPv4SPD16 -me -Ooff --include_path="C:/TI/ccsv8/tools/compiler/ti-cgt-arm_18.1.4.LTS/include" --include_path="C:/ti/CC3200SDK_1.3.0/cc3200-sdk/example/common" --include_path="C:/ti/CC3200SDK_1.3.0/cc3200-sdk/driverlib" --include_path="C:/ti/CC3200SDK_1.3.0/cc3200-sdk/inc" --define=ccs --define=NON_NETWORK --define=cc3200 -g --gcc --diag_warning=225 --diag_wrap=off --display_error_number --abi=eabi --preproc_with_compile --preproc_dependency="main.d_raw"  "../main.c"
 
>> Compilation failure
subdir_rules.mk:9: recipe for target 'main.obj' failed
\\MAC\Home\Documents\GitHub\A01_KevinRen_TeresaLi_WQ2019\Lab3\Lab3 Part2\Release
CMD.EXE was started with the above path as the current directory.
UNC paths are not supported.  Defaulting to Windows directory.
\\MAC\Home\Documents\GitHub\A01_KevinRen_TeresaLi_WQ2019\Lab3\Lab3 Part2\Release
CMD.EXE was started with the above path as the current directory.
UNC paths are not supported.  Defaulting to Windows directory.
"../main.c", line 180: warning #225-D: function "pow" declared implicitly
At end of source: error #68: expected a "}"
"../main.c", line 67: warning #179-D: variable "g_ulSamples" was declared but never referenced
"../main.c", line 77: warning #179-D: variable "receive" was declared but never referenced
1 error detected in the compilation of "../main.c".
gmake: *** [main.obj] Error 1
gmake: Target 'all' not remade because of errors.

**** Build Finished ****

**** Build of configuration Release for project Lab3 Part2 ****

"C:\\TI\\ccsv8\\utils\\bin\\gmake" -k all 
 
Building file: "../main.c"
Invoking: ARM Compiler
"C:/TI/ccsv8/tools/compiler/ti-cgt-arm_18.1.4.LTS/bin/armcl" -mv7M4 --code_state=16 --float_support=FPv4SPD16 -me -Ooff --include_path="C:/TI/ccsv8/tools/compiler/ti-cgt-arm_18.1.4.LTS/include" --include_path="C:/ti/CC3200SDK_1.3.0/cc3200-sdk/example/common" --include_path="C:/ti/CC3200SDK_1.3.0/cc3200-sdk/driverlib" --include_path="C:/ti/CC3200SDK_1.3.0/cc3200-sdk/inc" --define=ccs --define=NON_NETWORK --define=cc3200 -g --gcc --diag_warning=225 --diag_wrap=off --display_error_number --abi=eabi --preproc_with_compile --preproc_dependency="main.d_raw"  "../main.c"
 
>> Compilation failure
subdir_rules.mk:9: recipe for target 'main.obj' failed
\\MAC\Home\Documents\GitHub\A01_KevinRen_TeresaLi_WQ2019\Lab3\Lab3 Part2\Release
CMD.EXE was started with the above path as the current directory.
UNC paths are not supported.  Defaulting to Windows directory.
\\MAC\Home\Documents\GitHub\A01_KevinRen_TeresaLi_WQ2019\Lab3\Lab3 Part2\Release
CMD.EXE was started with the above path as the current directory.
UNC paths are not supported.  Defaulting to Windows directory.
"../main.c", line 179: warning #225-D: function "pow" declared implicitly
At end of source: error #68: expected a "}"
1 error detected in the compilation of "../main.c".
gmake: *** [main.obj] Error 1
gmake: Target 'all' not remade because of errors.

**** Build Finished ****

**** Build of configuration Release for project Lab3 Part2 ****

"C:\\TI\\ccsv8\\utils\\bin\\gmake" -k all 
 
Building file: "../main.c"
Invoking: ARM Compiler
"C:/TI/ccsv8/tools/compiler/ti-cgt-arm_18.1.4.LTS/bin/armcl" -mv7M4 --code_state=16 --float_support=FPv4SPD16 -me -Ooff --include_path="C:/TI/ccsv8/tools/compiler/ti-cgt-arm_18.1.4.LTS/include" --include_path="C:/ti/CC3200SDK_1.3.0/cc3200-sdk/example/common" --include_path="C:/ti/CC3200SDK_1.3.0/cc3200-sdk/driverlib" --include_path="C:/ti/CC3200SDK_1.3.0/cc3200-sdk/inc" --define=ccs --define=NON_NETWORK --define=cc3200 -g --gcc --diag_warning=225 --diag_wrap=off --display_error_number --abi=eabi --preproc_with_compile --preproc_dependency="main.d_raw"  "../main.c"
 
>> Compilation failure
subdir_rules.mk:9: recipe for target 'main.obj' failed
\\MAC\Home\Documents\GitHub\A01_KevinRen_TeresaLi_WQ2019\Lab3\Lab3 Part2\Release
CMD.EXE was started with the above path as the current directory.
UNC paths are not supported.  Defaulting to Windows directory.
\\MAC\Home\Documents\GitHub\A01_KevinRen_TeresaLi_WQ2019\Lab3\Lab3 Part2\Release
CMD.EXE was started with the above path as the current directory.
UNC paths are not supported.  Defaulting to Windows directory.
At end of source: error #68: expected a "}"
1 error detected in the compilation of "../main.c".
gmake: *** [main.obj] Error 1
gmake: Target 'all' not remade because of errors.

**** Build Finished ****

**** Build of configuration Release for project Lab3 Part2 ****

"C:\\TI\\ccsv8\\utils\\bin\\gmake" -k all 
 
Building file: "../main.c"
Invoking: ARM Compiler
"C:/TI/ccsv8/tools/compiler/ti-cgt-arm_18.1.4.LTS/bin/armcl" -mv7M4 --code_state=16 --float_support=FPv4SPD16 -me -Ooff --include_path="C:/TI/ccsv8/tools/compiler/ti-cgt-arm_18.1.4.LTS/include" --include_path="C:/ti/CC3200SDK_1.3.0/cc3200-sdk/example/common" --include_path="C:/ti/CC3200SDK_1.3.0/cc3200-sdk/driverlib" --include_path="C:/ti/CC3200SDK_1.3.0/cc3200-sdk/inc" --define=ccs --define=NON_NETWORK --define=cc3200 -g --gcc --diag_warning=225 --diag_wrap=off --display_error_number --abi=eabi --preproc_with_compile --preproc_dependency="main.d_raw"  "../main.c"
 
>> Compilation failure
subdir_rules.mk:9: recipe for target 'main.obj' failed
\\MAC\Home\Documents\GitHub\A01_KevinRen_TeresaLi_WQ2019\Lab3\Lab3 Part2\Release
CMD.EXE was started with the above path as the current directory.
UNC paths are not supported.  Defaulting to Windows directory.
\\MAC\Home\Documents\GitHub\A01_KevinRen_TeresaLi_WQ2019\Lab3\Lab3 Part2\Release
CMD.EXE was started with the above path as the current directory.
UNC paths are not supported.  Defaulting to Windows directory.
At end of source: error #68: expected a "}"
1 error detected in the compilation of "../main.c".
gmake: *** [main.obj] Error 1
gmake: Target 'all' not remade because of errors.

**** Build Finished ****

**** Build of configuration Release for project Lab3 Part2 ****

"C:\\TI\\ccsv8\\utils\\bin\\gmake" -k all 
 
Building file: "../main.c"
Invoking: ARM Compiler
"C:/TI/ccsv8/tools/compiler/ti-cgt-arm_18.1.4.LTS/bin/armcl" -mv7M4 --code_state=16 --float_support=FPv4SPD16 -me -Ooff --include_path="C:/TI/ccsv8/tools/compiler/ti-cgt-arm_18.1.4.LTS/include" --include_path="C:/ti/CC3200SDK_1.3.0/cc3200-sdk/example/common" --include_path="C:/ti/CC3200SDK_1.3.0/cc3200-sdk/driverlib" --include_path="C:/ti/CC3200SDK_1.3.0/cc3200-sdk/inc" --define=ccs --define=NON_NETWORK --define=cc3200 -g --gcc --diag_warning=225 --diag_wrap=off --display_error_number --abi=eabi --preproc_with_compile --preproc_dependency="main.d_raw"  "../main.c"
 
>> Compilation failure
subdir_rules.mk:9: recipe for target 'main.obj' failed
\\MAC\Home\Documents\GitHub\A01_KevinRen_TeresaLi_WQ2019\Lab3\Lab3 Part2\Release
CMD.EXE was started with the above path as the current directory.
UNC paths are not supported.  Defaulting to Windows directory.
\\MAC\Home\Documents\GitHub\A01_KevinRen_TeresaLi_WQ2019\Lab3\Lab3 Part2\Release
CMD.EXE was started with the above path as the current directory.
UNC paths are not supported.  Defaulting to Windows directory.
At end of source: error #68: expected a "}"
1 error detected in the compilation of "../main.c".
gmake: *** [main.obj] Error 1
gmake: Target 'all' not remade because of errors.

**** Build Finished ****

**** Build of configuration Release for project Lab3 Part2 ****

"C:\\TI\\ccsv8\\utils\\bin\\gmake" -k all 
 
Building file: "../main.c"
Invoking: ARM Compiler
"C:/TI/ccsv8/tools/compiler/ti-cgt-arm_18.1.4.LTS/bin/armcl" -mv7M4 --code_state=16 --float_support=FPv4SPD16 -me -Ooff --include_path="C:/TI/ccsv8/tools/compiler/ti-cgt-arm_18.1.4.LTS/include" --include_path="C:/ti/CC3200SDK_1.3.0/cc3200-sdk/example/common" --include_path="C:/ti/CC3200SDK_1.3.0/cc3200-sdk/driverlib" --include_path="C:/ti/CC3200SDK_1.3.0/cc3200-sdk/inc" --define=ccs --define=NON_NETWORK --define=cc3200 -g --gcc --diag_warning=225 --diag_wrap=off --display_error_number --abi=eabi --preproc_with_compile --preproc_dependency="main.d_raw"  "../main.c"
 
>> Compilation failure
subdir_rules.mk:9: recipe for target 'main.obj' failed
\\MAC\Home\Documents\GitHub\A01_KevinRen_TeresaLi_WQ2019\Lab3\Lab3 Part2\Release
CMD.EXE was started with the above path as the current directory.
UNC paths are not supported.  Defaulting to Windows directory.
\\MAC\Home\Documents\GitHub\A01_KevinRen_TeresaLi_WQ2019\Lab3\Lab3 Part2\Release
CMD.EXE was started with the above path as the current directory.
UNC paths are not supported.  Defaulting to Windows directory.
At end of source: error #68: expected a "}"
1 error detected in the compilation of "../main.c".
gmake: *** [main.obj] Error 1
gmake: Target 'all' not remade because of errors.

**** Build Finished ****

**** Build of configuration Release for project Lab3 Part2 ****

"C:\\TI\\ccsv8\\utils\\bin\\gmake" -k all 
 
Building file: "../main.c"
Invoking: ARM Compiler
"C:/TI/ccsv8/tools/compiler/ti-cgt-arm_18.1.4.LTS/bin/armcl" -mv7M4 --code_state=16 --float_support=FPv4SPD16 -me -Ooff --include_path="C:/TI/ccsv8/tools/compiler/ti-cgt-arm_18.1.4.LTS/include" --include_path="C:/ti/CC3200SDK_1.3.0/cc3200-sdk/example/common" --include_path="C:/ti/CC3200SDK_1.3.0/cc3200-sdk/driverlib" --include_path="C:/ti/CC3200SDK_1.3.0/cc3200-sdk/inc" --define=ccs --define=NON_NETWORK --define=cc3200 -g --gcc --diag_warning=225 --diag_wrap=off --display_error_number --abi=eabi --preproc_with_compile --preproc_dependency="main.d_raw"  "../main.c"
 
>> Compilation failure
subdir_rules.mk:9: recipe for target 'main.obj' failed
\\MAC\Home\Documents\GitHub\A01_KevinRen_TeresaLi_WQ2019\Lab3\Lab3 Part2\Release
CMD.EXE was started with the above path as the current directory.
UNC paths are not supported.  Defaulting to Windows directory.
\\MAC\Home\Documents\GitHub\A01_KevinRen_TeresaLi_WQ2019\Lab3\Lab3 Part2\Release
CMD.EXE was started with the above path as the current directory.
UNC paths are not supported.  Defaulting to Windows directory.
"../main.c", line 67: warning #14-D: extra text after expected end of preprocessing directive
At end of source: error #68: expected a "}"
1 error detected in the compilation of "../main.c".
gmake: *** [main.obj] Error 1
gmake: Target 'all' not remade because of errors.

**** Build Finished ****

**** Build of configuration Release for project Lab3 Part2 ****

"C:\\TI\\ccsv8\\utils\\bin\\gmake" -k all 
 
Building file: "../main.c"
Invoking: ARM Compiler
"C:/TI/ccsv8/tools/compiler/ti-cgt-arm_18.1.4.LTS/bin/armcl" -mv7M4 --code_state=16 --float_support=FPv4SPD16 -me -Ooff --include_path="C:/TI/ccsv8/tools/compiler/ti-cgt-arm_18.1.4.LTS/include" --include_path="C:/ti/CC3200SDK_1.3.0/cc3200-sdk/example/common" --include_path="C:/ti/CC3200SDK_1.3.0/cc3200-sdk/driverlib" --include_path="C:/ti/CC3200SDK_1.3.0/cc3200-sdk/inc" --define=ccs --define=NON_NETWORK --define=cc3200 -g --gcc --diag_warning=225 --diag_wrap=off --display_error_number --abi=eabi --preproc_with_compile --preproc_dependency="main.d_raw"  "../main.c"
\\MAC\Home\Documents\GitHub\A01_KevinRen_TeresaLi_WQ2019\Lab3\Lab3 Part2\Release
CMD.EXE was started with the above path as the current directory.
UNC paths are not supported.  Defaulting to Windows directory.
\\MAC\Home\Documents\GitHub\A01_KevinRen_TeresaLi_WQ2019\Lab3\Lab3 Part2\Release
CMD.EXE was started with the above path as the current directory.
UNC paths are not supported.  Defaulting to Windows directory.
\\MAC\Home\Documents\GitHub\A01_KevinRen_TeresaLi_WQ2019\Lab3\Lab3 Part2\Release
CMD.EXE was started with the above path as the current directory.
UNC paths are not supported.  Defaulting to Windows directory.
Finished building: "../main.c"
 
Building target: "Lab3 Part2.out"
Invoking: ARM Linker
"C:/TI/ccsv8/tools/compiler/ti-cgt-arm_18.1.4.LTS/bin/armcl" -mv7M4 --code_state=16 --float_support=FPv4SPD16 -me -Ooff --define=ccs --define=NON_NETWORK --define=cc3200 -g --gcc --diag_warning=225 --diag_wrap=off --display_error_number --abi=eabi -z -m"Lab3 Part2.map" --heap_size=0x800 --stack_size=0x800 -i"C:/TI/ccsv8/tools/compiler/ti-cgt-arm_18.1.4.LTS/lib" -i"C:/ti/CC3200SDK_1.3.0/cc3200-sdk/driverlib/ccs/Release" -i"C:/TI/ccsv8/tools/compiler/ti-cgt-arm_18.1.4.LTS/include" --reread_libs --diag_wrap=off --display_error_number --warn_sections --xml_link_info="Lab3 Part2_linkInfo.xml" --rom_model -o "Lab3 Part2.out" "./main.obj" "./pin_mux_config.obj" "./startup_ccs.obj" "./uart_if.obj" "../cc3200v1p32.cmd"  -llibc.a -ldriverlib.a 
<Linking>
\\MAC\Home\Documents\GitHub\A01_KevinRen_TeresaLi_WQ2019\Lab3\Lab3 Part2\Release
CMD.EXE was started with the above path as the current directory.
UNC paths are not supported.  Defaulting to Windows directory.
\\MAC\Home\Documents\GitHub\A01_KevinRen_TeresaLi_WQ2019\Lab3\Lab3 Part2\Release
CMD.EXE was started with the above path as the current directory.
UNC paths are not supported.  Defaulting to Windows directory.
\\MAC\Home\Documents\GitHub\A01_KevinRen_TeresaLi_WQ2019\Lab3\Lab3 Part2\Release
CMD.EXE was started with the above path as the current directory.
UNC paths are not supported.  Defaulting to Windows directory.
\\MAC\Home\Documents\GitHub\A01_KevinRen_TeresaLi_WQ2019\Lab3\Lab3 Part2\Release
CMD.EXE was started with the above path as the current directory.
UNC paths are not supported.  Defaulting to Windows directory.
Finished building target: "Lab3 Part2.out"
 
"C:/TI/ccsv8/utils/tiobj2bin/tiobj2bin" "Lab3 Part2.out" "Lab3 Part2.bin" "C:/TI/ccsv8/tools/compiler/ti-cgt-arm_18.1.4.LTS/bin/armofd" "C:/TI/ccsv8/tools/compiler/ti-cgt-arm_18.1.4.LTS/bin/armhex" "C:/TI/ccsv8/utils/tiobj2bin/mkhex4bin"
C:/TI/ccsv8/utils/tiobj2bin/mkhex4bin failure occurred.  Giving up.
 
\\MAC\Home\Documents\GitHub\A01_KevinRen_TeresaLi_WQ2019\Lab3\Lab3 Part2\Release
CMD.EXE was started with the above path as the current directory.
UNC paths are not supported.  Defaulting to Windows directory.
\\MAC\Home\Documents\GitHub\A01_KevinRen_TeresaLi_WQ2019\Lab3\Lab3 Part2\Release
CMD.EXE was started with the above path as the current directory.
UNC paths are not supported.  Defaulting to Windows directory.
error: failed to read "Lab3 Part2.out"
Use of uninitialized value $str in pattern match (m//) at XML_TI_OFD.pm line 2146.
Use of uninitialized value $targ_num in hash element at XML_TI_OFD.pm line 1325.
Unexpected target: unknown at script/mkhex4bin.pl line 270.
\\MAC\Home\Documents\GitHub\A01_KevinRen_TeresaLi_WQ2019\Lab3\Lab3 Part2\Release
CMD.EXE was started with the above path as the current directory.
UNC paths are not supported.  Defaulting to Windows directory.

**** Build Finished ****

**** Build of configuration Release for project Lab3 Part2 ****

"C:\\TI\\ccsv8\\utils\\bin\\gmake" -k all 
 
gmake: Nothing to be done for 'all'.

**** Build Finished ****

**** Build of configuration Release for project Lab3 Part2 ****

"C:\\TI\\ccsv8\\utils\\bin\\gmake" -k all 
 
gmake: Nothing to be done for 'all'.

**** Build Finished ****

**** Build of configuration Release for project Lab3 Part2 ****

"C:\\TI\\ccsv8\\utils\\bin\\gmake" -k all 
 
gmake: Nothing to be done for 'all'.

**** Build Finished ****

**** Build of configuration Release for project Lab3 Part2 ****

"C:\\TI\\ccsv8\\utils\\bin\\gmake" -k all 
 
gmake: Nothing to be done for 'all'.

**** Build Finished ****

**** Build of configuration Release for project Lab3 Part2 ****

"C:\\TI\\ccsv8\\utils\\bin\\gmake" -k all 
 
gmake: Nothing to be done for 'all'.

**** Build Finished ****
